<?xml version="1.0" encoding="UTF-8"?>
<testsuite xmlns:xsi="http://www.w3.org/2001/XMLSchema-instance" xsi:noNamespaceSchemaLocation="https://maven.apache.org/surefire/maven-surefire-plugin/xsd/surefire-test-report.xsd" name="com.springboot.sohinalex.java.Controller.ChatroomControllerTest" time="2.923" tests="2" errors="0" skipped="0" failures="0">
  <properties>
    <property name="java.specification.version" value="18"/>
    <property name="sun.jnu.encoding" value="UTF-8"/>
    <property name="java.class.path" value="/home/so/Desktop/freelance_platform/springbootmicroservice/Chatroom/target/test-classes:/home/so/Desktop/freelance_platform/springbootmicroservice/Chatroom/target/classes:/home/so/.m2/repository/org/springframework/boot/spring-boot-starter-data-mongodb-reactive/3.0.1/spring-boot-starter-data-mongodb-reactive-3.0.1.jar:/home/so/.m2/repository/org/springframework/boot/spring-boot-starter/3.0.1/spring-boot-starter-3.0.1.jar:/home/so/.m2/repository/org/springframework/boot/spring-boot/3.0.1/spring-boot-3.0.1.jar:/home/so/.m2/repository/org/springframework/boot/spring-boot-autoconfigure/3.0.1/spring-boot-autoconfigure-3.0.1.jar:/home/so/.m2/repository/org/springframework/boot/spring-boot-starter-logging/3.0.1/spring-boot-starter-logging-3.0.1.jar:/home/so/.m2/repository/ch/qos/logback/logback-classic/1.4.5/logback-classic-1.4.5.jar:/home/so/.m2/repository/ch/qos/logback/logback-core/1.4.5/logback-core-1.4.5.jar:/home/so/.m2/repository/org/apache/logging/log4j/log4j-to-slf4j/2.19.0/log4j-to-slf4j-2.19.0.jar:/home/so/.m2/repository/org/apache/logging/log4j/log4j-api/2.19.0/log4j-api-2.19.0.jar:/home/so/.m2/repository/org/slf4j/jul-to-slf4j/2.0.6/jul-to-slf4j-2.0.6.jar:/home/so/.m2/repository/jakarta/annotation/jakarta.annotation-api/2.1.1/jakarta.annotation-api-2.1.1.jar:/home/so/.m2/repository/org/yaml/snakeyaml/1.33/snakeyaml-1.33.jar:/home/so/.m2/repository/io/projectreactor/reactor-core/3.5.1/reactor-core-3.5.1.jar:/home/so/.m2/repository/org/reactivestreams/reactive-streams/1.0.4/reactive-streams-1.0.4.jar:/home/so/.m2/repository/org/mongodb/mongodb-driver-reactivestreams/4.8.1/mongodb-driver-reactivestreams-4.8.1.jar:/home/so/.m2/repository/org/mongodb/bson/4.8.1/bson-4.8.1.jar:/home/so/.m2/repository/org/mongodb/mongodb-driver-core/4.8.1/mongodb-driver-core-4.8.1.jar:/home/so/.m2/repository/org/mongodb/bson-record-codec/4.8.1/bson-record-codec-4.8.1.jar:/home/so/.m2/repository/org/springframework/data/spring-data-mongodb/4.0.0/spring-data-mongodb-4.0.0.jar:/home/so/.m2/repository/org/springframework/spring-tx/6.0.3/spring-tx-6.0.3.jar:/home/so/.m2/repository/org/springframework/spring-context/6.0.3/spring-context-6.0.3.jar:/home/so/.m2/repository/org/springframework/spring-expression/6.0.3/spring-expression-6.0.3.jar:/home/so/.m2/repository/org/springframework/data/spring-data-commons/3.0.0/spring-data-commons-3.0.0.jar:/home/so/.m2/repository/org/slf4j/slf4j-api/2.0.6/slf4j-api-2.0.6.jar:/home/so/.m2/repository/org/springframework/boot/spring-boot-starter-websocket/3.0.1/spring-boot-starter-websocket-3.0.1.jar:/home/so/.m2/repository/org/springframework/boot/spring-boot-starter-web/3.0.1/spring-boot-starter-web-3.0.1.jar:/home/so/.m2/repository/org/springframework/boot/spring-boot-starter-tomcat/3.0.1/spring-boot-starter-tomcat-3.0.1.jar:/home/so/.m2/repository/org/apache/tomcat/embed/tomcat-embed-core/10.1.4/tomcat-embed-core-10.1.4.jar:/home/so/.m2/repository/org/apache/tomcat/embed/tomcat-embed-el/10.1.4/tomcat-embed-el-10.1.4.jar:/home/so/.m2/repository/org/apache/tomcat/embed/tomcat-embed-websocket/10.1.4/tomcat-embed-websocket-10.1.4.jar:/home/so/.m2/repository/org/springframework/spring-webmvc/6.0.3/spring-webmvc-6.0.3.jar:/home/so/.m2/repository/org/springframework/spring-websocket/6.0.3/spring-websocket-6.0.3.jar:/home/so/.m2/repository/org/springframework/boot/spring-boot-starter-data-mongodb/3.0.2/spring-boot-starter-data-mongodb-3.0.2.jar:/home/so/.m2/repository/org/mongodb/mongodb-driver-sync/4.8.1/mongodb-driver-sync-4.8.1.jar:/home/so/.m2/repository/org/springframework/cloud/spring-cloud-starter-netflix-eureka-client/4.0.0/spring-cloud-starter-netflix-eureka-client-4.0.0.jar:/home/so/.m2/repository/org/springframework/cloud/spring-cloud-starter/4.0.0/spring-cloud-starter-4.0.0.jar:/home/so/.m2/repository/org/springframework/cloud/spring-cloud-context/4.0.0/spring-cloud-context-4.0.0.jar:/home/so/.m2/repository/org/springframework/security/spring-security-crypto/6.0.1/spring-security-crypto-6.0.1.jar:/home/so/.m2/repository/org/springframework/cloud/spring-cloud-commons/4.0.0/spring-cloud-commons-4.0.0.jar:/home/so/.m2/repository/org/springframework/security/spring-security-rsa/1.0.11.RELEASE/spring-security-rsa-1.0.11.RELEASE.jar:/home/so/.m2/repository/org/bouncycastle/bcpkix-jdk15on/1.69/bcpkix-jdk15on-1.69.jar:/home/so/.m2/repository/org/bouncycastle/bcprov-jdk15on/1.69/bcprov-jdk15on-1.69.jar:/home/so/.m2/repository/org/bouncycastle/bcutil-jdk15on/1.69/bcutil-jdk15on-1.69.jar:/home/so/.m2/repository/org/springframework/cloud/spring-cloud-netflix-eureka-client/4.0.0/spring-cloud-netflix-eureka-client-4.0.0.jar:/home/so/.m2/repository/org/apache/httpcomponents/client5/httpclient5/5.1.4/httpclient5-5.1.4.jar:/home/so/.m2/repository/org/apache/httpcomponents/core5/httpcore5/5.1.5/httpcore5-5.1.5.jar:/home/so/.m2/repository/org/apache/httpcomponents/core5/httpcore5-h2/5.1.5/httpcore5-h2-5.1.5.jar:/home/so/.m2/repository/commons-codec/commons-codec/1.15/commons-codec-1.15.jar:/home/so/.m2/repository/com/netflix/eureka/eureka-client/2.0.0/eureka-client-2.0.0.jar:/home/so/.m2/repository/com/netflix/netflix-commons/netflix-eventbus/0.3.0/netflix-eventbus-0.3.0.jar:/home/so/.m2/repository/com/netflix/netflix-commons/netflix-infix/0.3.0/netflix-infix-0.3.0.jar:/home/so/.m2/repository/commons-jxpath/commons-jxpath/1.3/commons-jxpath-1.3.jar:/home/so/.m2/repository/joda-time/joda-time/2.3/joda-time-2.3.jar:/home/so/.m2/repository/javax/servlet/servlet-api/2.5/servlet-api-2.5.jar:/home/so/.m2/repository/org/antlr/antlr-runtime/3.4/antlr-runtime-3.4.jar:/home/so/.m2/repository/org/antlr/stringtemplate/3.2.1/stringtemplate-3.2.1.jar:/home/so/.m2/repository/antlr/antlr/2.7.7/antlr-2.7.7.jar:/home/so/.m2/repository/com/google/code/gson/gson/2.9.1/gson-2.9.1.jar:/home/so/.m2/repository/org/apache/commons/commons-math/2.2/commons-math-2.2.jar:/home/so/.m2/repository/com/thoughtworks/xstream/xstream/1.4.19/xstream-1.4.19.jar:/home/so/.m2/repository/io/github/x-stream/mxparser/1.2.2/mxparser-1.2.2.jar:/home/so/.m2/repository/xmlpull/xmlpull/1.1.3.1/xmlpull-1.1.3.1.jar:/home/so/.m2/repository/com/netflix/archaius/archaius-core/0.7.6/archaius-core-0.7.6.jar:/home/so/.m2/repository/com/google/guava/guava/16.0/guava-16.0.jar:/home/so/.m2/repository/jakarta/ws/rs/jakarta.ws.rs-api/3.1.0/jakarta.ws.rs-api-3.1.0.jar:/home/so/.m2/repository/jakarta/inject/jakarta.inject-api/2.0.1/jakarta.inject-api-2.0.1.jar:/home/so/.m2/repository/com/netflix/servo/servo-core/0.12.21/servo-core-0.12.21.jar:/home/so/.m2/repository/org/apache/httpcomponents/httpclient/4.5.14/httpclient-4.5.14.jar:/home/so/.m2/repository/org/apache/httpcomponents/httpcore/4.4.16/httpcore-4.4.16.jar:/home/so/.m2/repository/com/google/code/findbugs/jsr305/3.0.2/jsr305-3.0.2.jar:/home/so/.m2/repository/commons-configuration/commons-configuration/1.10/commons-configuration-1.10.jar:/home/so/.m2/repository/commons-lang/commons-lang/2.6/commons-lang-2.6.jar:/home/so/.m2/repository/commons-logging/commons-logging/1.1.1/commons-logging-1.1.1.jar:/home/so/.m2/repository/com/github/vlsi/compactmap/compactmap/2.0/compactmap-2.0.jar:/home/so/.m2/repository/com/github/andrewoma/dexx/dexx-collections/0.2/dexx-collections-0.2.jar:/home/so/.m2/repository/com/fasterxml/jackson/core/jackson-annotations/2.14.1/jackson-annotations-2.14.1.jar:/home/so/.m2/repository/com/fasterxml/jackson/core/jackson-core/2.14.1/jackson-core-2.14.1.jar:/home/so/.m2/repository/com/fasterxml/jackson/core/jackson-databind/2.14.1/jackson-databind-2.14.1.jar:/home/so/.m2/repository/org/codehaus/jettison/jettison/1.4.0/jettison-1.4.0.jar:/home/so/.m2/repository/com/netflix/eureka/eureka-core/2.0.0/eureka-core-2.0.0.jar:/home/so/.m2/repository/jakarta/servlet/jakarta.servlet-api/6.0.0/jakarta.servlet-api-6.0.0.jar:/home/so/.m2/repository/com/fasterxml/woodstox/woodstox-core/6.2.1/woodstox-core-6.2.1.jar:/home/so/.m2/repository/org/codehaus/woodstox/stax2-api/4.2.1/stax2-api-4.2.1.jar:/home/so/.m2/repository/org/springframework/cloud/spring-cloud-starter-loadbalancer/4.0.0/spring-cloud-starter-loadbalancer-4.0.0.jar:/home/so/.m2/repository/org/springframework/cloud/spring-cloud-loadbalancer/4.0.0/spring-cloud-loadbalancer-4.0.0.jar:/home/so/.m2/repository/io/projectreactor/addons/reactor-extra/3.5.0/reactor-extra-3.5.0.jar:/home/so/.m2/repository/org/springframework/boot/spring-boot-starter-cache/3.0.1/spring-boot-starter-cache-3.0.1.jar:/home/so/.m2/repository/org/springframework/spring-context-support/6.0.3/spring-context-support-6.0.3.jar:/home/so/.m2/repository/com/stoyanr/evictor/1.0.0/evictor-1.0.0.jar:/home/so/.m2/repository/org/springframework/integration/spring-integration-stomp/6.0.2/spring-integration-stomp-6.0.2.jar:/home/so/.m2/repository/org/springframework/integration/spring-integration-core/6.0.1/spring-integration-core-6.0.1.jar:/home/so/.m2/repository/org/springframework/spring-aop/6.0.3/spring-aop-6.0.3.jar:/home/so/.m2/repository/org/springframework/retry/spring-retry/2.0.0/spring-retry-2.0.0.jar:/home/so/.m2/repository/io/micrometer/micrometer-observation/1.10.2/micrometer-observation-1.10.2.jar:/home/so/.m2/repository/io/micrometer/micrometer-commons/1.10.2/micrometer-commons-1.10.2.jar:/home/so/.m2/repository/de/flapdoodle/embed/de.flapdoodle.embed.mongo/4.4.0/de.flapdoodle.embed.mongo-4.4.0.jar:/home/so/.m2/repository/de/flapdoodle/embed/de.flapdoodle.embed.process/4.4.3/de.flapdoodle.embed.process-4.4.3.jar:/home/so/.m2/repository/de/flapdoodle/reverse/de.flapdoodle.reverse/1.5.1/de.flapdoodle.reverse-1.5.1.jar:/home/so/.m2/repository/de/flapdoodle/graph/de.flapdoodle.graph/1.2.3/de.flapdoodle.graph-1.2.3.jar:/home/so/.m2/repository/org/jgrapht/jgrapht-core/1.4.0/jgrapht-core-1.4.0.jar:/home/so/.m2/repository/org/jheaps/jheaps/0.11/jheaps-0.11.jar:/home/so/.m2/repository/de/flapdoodle/java8/de.flapdoodle.java8/1.2.0/de.flapdoodle.java8-1.2.0.jar:/home/so/.m2/repository/org/apache/commons/commons-lang3/3.12.0/commons-lang3-3.12.0.jar:/home/so/.m2/repository/org/apache/commons/commons-compress/1.22/commons-compress-1.22.jar:/home/so/.m2/repository/net/java/dev/jna/jna/5.13.0/jna-5.13.0.jar:/home/so/.m2/repository/net/java/dev/jna/jna-platform/5.13.0/jna-platform-5.13.0.jar:/home/so/.m2/repository/de/flapdoodle/de.flapdoodle.os/1.2.7/de.flapdoodle.os-1.2.7.jar:/home/so/.m2/repository/de/flapdoodle/embed/de.flapdoodle.embed.mongo.packageresolver/4.3.4/de.flapdoodle.embed.mongo.packageresolver-4.3.4.jar:/home/so/.m2/repository/org/projectlombok/lombok/1.18.24/lombok-1.18.24.jar:/home/so/.m2/repository/org/springframework/boot/spring-boot-starter-test/3.0.1/spring-boot-starter-test-3.0.1.jar:/home/so/.m2/repository/org/springframework/boot/spring-boot-test/3.0.1/spring-boot-test-3.0.1.jar:/home/so/.m2/repository/org/springframework/boot/spring-boot-test-autoconfigure/3.0.1/spring-boot-test-autoconfigure-3.0.1.jar:/home/so/.m2/repository/com/jayway/jsonpath/json-path/2.7.0/json-path-2.7.0.jar:/home/so/.m2/repository/net/minidev/json-smart/2.4.8/json-smart-2.4.8.jar:/home/so/.m2/repository/net/minidev/accessors-smart/2.4.8/accessors-smart-2.4.8.jar:/home/so/.m2/repository/org/ow2/asm/asm/9.1/asm-9.1.jar:/home/so/.m2/repository/jakarta/xml/bind/jakarta.xml.bind-api/4.0.0/jakarta.xml.bind-api-4.0.0.jar:/home/so/.m2/repository/jakarta/activation/jakarta.activation-api/2.1.0/jakarta.activation-api-2.1.0.jar:/home/so/.m2/repository/org/assertj/assertj-core/3.23.1/assertj-core-3.23.1.jar:/home/so/.m2/repository/net/bytebuddy/byte-buddy/1.12.20/byte-buddy-1.12.20.jar:/home/so/.m2/repository/org/hamcrest/hamcrest/2.2/hamcrest-2.2.jar:/home/so/.m2/repository/org/junit/jupiter/junit-jupiter/5.9.1/junit-jupiter-5.9.1.jar:/home/so/.m2/repository/org/junit/jupiter/junit-jupiter-api/5.9.1/junit-jupiter-api-5.9.1.jar:/home/so/.m2/repository/org/opentest4j/opentest4j/1.2.0/opentest4j-1.2.0.jar:/home/so/.m2/repository/org/junit/platform/junit-platform-commons/1.9.1/junit-platform-commons-1.9.1.jar:/home/so/.m2/repository/org/apiguardian/apiguardian-api/1.1.2/apiguardian-api-1.1.2.jar:/home/so/.m2/repository/org/junit/jupiter/junit-jupiter-params/5.9.1/junit-jupiter-params-5.9.1.jar:/home/so/.m2/repository/org/junit/jupiter/junit-jupiter-engine/5.9.1/junit-jupiter-engine-5.9.1.jar:/home/so/.m2/repository/org/junit/platform/junit-platform-engine/1.9.1/junit-platform-engine-1.9.1.jar:/home/so/.m2/repository/org/mockito/mockito-core/4.8.1/mockito-core-4.8.1.jar:/home/so/.m2/repository/net/bytebuddy/byte-buddy-agent/1.12.20/byte-buddy-agent-1.12.20.jar:/home/so/.m2/repository/org/objenesis/objenesis/3.2/objenesis-3.2.jar:/home/so/.m2/repository/org/mockito/mockito-junit-jupiter/4.8.1/mockito-junit-jupiter-4.8.1.jar:/home/so/.m2/repository/org/skyscreamer/jsonassert/1.5.1/jsonassert-1.5.1.jar:/home/so/.m2/repository/com/vaadin/external/google/android-json/0.0.20131108.vaadin1/android-json-0.0.20131108.vaadin1.jar:/home/so/.m2/repository/org/springframework/spring-core/6.0.3/spring-core-6.0.3.jar:/home/so/.m2/repository/org/springframework/spring-jcl/6.0.3/spring-jcl-6.0.3.jar:/home/so/.m2/repository/org/springframework/spring-test/6.0.3/spring-test-6.0.3.jar:/home/so/.m2/repository/org/xmlunit/xmlunit-core/2.9.0/xmlunit-core-2.9.0.jar:/home/so/.m2/repository/org/springframework/boot/spring-boot-starter-webflux/3.0.1/spring-boot-starter-webflux-3.0.1.jar:/home/so/.m2/repository/org/springframework/boot/spring-boot-starter-json/3.0.1/spring-boot-starter-json-3.0.1.jar:/home/so/.m2/repository/com/fasterxml/jackson/datatype/jackson-datatype-jdk8/2.14.1/jackson-datatype-jdk8-2.14.1.jar:/home/so/.m2/repository/com/fasterxml/jackson/datatype/jackson-datatype-jsr310/2.14.1/jackson-datatype-jsr310-2.14.1.jar:/home/so/.m2/repository/com/fasterxml/jackson/module/jackson-module-parameter-names/2.14.1/jackson-module-parameter-names-2.14.1.jar:/home/so/.m2/repository/org/springframework/boot/spring-boot-starter-reactor-netty/3.0.1/spring-boot-starter-reactor-netty-3.0.1.jar:/home/so/.m2/repository/io/projectreactor/netty/reactor-netty-http/1.1.1/reactor-netty-http-1.1.1.jar:/home/so/.m2/repository/io/netty/netty-codec-http/4.1.86.Final/netty-codec-http-4.1.86.Final.jar:/home/so/.m2/repository/io/netty/netty-common/4.1.86.Final/netty-common-4.1.86.Final.jar:/home/so/.m2/repository/io/netty/netty-buffer/4.1.86.Final/netty-buffer-4.1.86.Final.jar:/home/so/.m2/repository/io/netty/netty-transport/4.1.86.Final/netty-transport-4.1.86.Final.jar:/home/so/.m2/repository/io/netty/netty-codec/4.1.86.Final/netty-codec-4.1.86.Final.jar:/home/so/.m2/repository/io/netty/netty-handler/4.1.86.Final/netty-handler-4.1.86.Final.jar:/home/so/.m2/repository/io/netty/netty-codec-http2/4.1.86.Final/netty-codec-http2-4.1.86.Final.jar:/home/so/.m2/repository/io/netty/netty-resolver-dns/4.1.86.Final/netty-resolver-dns-4.1.86.Final.jar:/home/so/.m2/repository/io/netty/netty-resolver/4.1.86.Final/netty-resolver-4.1.86.Final.jar:/home/so/.m2/repository/io/netty/netty-codec-dns/4.1.86.Final/netty-codec-dns-4.1.86.Final.jar:/home/so/.m2/repository/io/netty/netty-resolver-dns-native-macos/4.1.86.Final/netty-resolver-dns-native-macos-4.1.86.Final-osx-x86_64.jar:/home/so/.m2/repository/io/netty/netty-resolver-dns-classes-macos/4.1.86.Final/netty-resolver-dns-classes-macos-4.1.86.Final.jar:/home/so/.m2/repository/io/netty/netty-transport-native-epoll/4.1.86.Final/netty-transport-native-epoll-4.1.86.Final-linux-x86_64.jar:/home/so/.m2/repository/io/netty/netty-transport-native-unix-common/4.1.86.Final/netty-transport-native-unix-common-4.1.86.Final.jar:/home/so/.m2/repository/io/netty/netty-transport-classes-epoll/4.1.86.Final/netty-transport-classes-epoll-4.1.86.Final.jar:/home/so/.m2/repository/io/projectreactor/netty/reactor-netty-core/1.1.1/reactor-netty-core-1.1.1.jar:/home/so/.m2/repository/io/netty/netty-handler-proxy/4.1.86.Final/netty-handler-proxy-4.1.86.Final.jar:/home/so/.m2/repository/io/netty/netty-codec-socks/4.1.86.Final/netty-codec-socks-4.1.86.Final.jar:/home/so/.m2/repository/org/springframework/spring-web/6.0.3/spring-web-6.0.3.jar:/home/so/.m2/repository/org/springframework/spring-webflux/6.0.3/spring-webflux-6.0.3.jar:/home/so/.m2/repository/io/projectreactor/reactor-test/3.5.2/reactor-test-3.5.2.jar:/home/so/.m2/repository/org/springframework/spring-messaging/6.0.3/spring-messaging-6.0.3.jar:/home/so/.m2/repository/org/springframework/spring-beans/6.0.3/spring-beans-6.0.3.jar:/home/so/.m2/repository/junit/junit/4.11/junit-4.11.jar:/home/so/.m2/repository/org/hamcrest/hamcrest-core/2.2/hamcrest-core-2.2.jar:"/>
    <property name="java.vm.vendor" value="Private Build"/>
    <property name="sun.arch.data.model" value="64"/>
    <property name="java.vendor.url" value="Unknown"/>
    <property name="os.name" value="Linux"/>
    <property name="java.vm.specification.version" value="18"/>
    <property name="sun.java.launcher" value="SUN_STANDARD"/>
    <property name="user.country" value="HK"/>
    <property name="sun.boot.library.path" value="/usr/lib/jvm/java-18-openjdk-amd64/lib"/>
    <property name="sun.java.command" value="/home/so/Desktop/freelance_platform/springbootmicroservice/Chatroom/target/surefire/surefirebooter14573697664599950200.jar /home/so/Desktop/freelance_platform/springbootmicroservice/Chatroom/target/surefire 2023-02-13T23-25-47_550-jvmRun1 surefire2119797900947969216tmp surefire_012905563873078231879tmp"/>
    <property name="jdk.debug" value="release"/>
    <property name="surefire.test.class.path" value="/home/so/Desktop/freelance_platform/springbootmicroservice/Chatroom/target/test-classes:/home/so/Desktop/freelance_platform/springbootmicroservice/Chatroom/target/classes:/home/so/.m2/repository/org/springframework/boot/spring-boot-starter-data-mongodb-reactive/3.0.1/spring-boot-starter-data-mongodb-reactive-3.0.1.jar:/home/so/.m2/repository/org/springframework/boot/spring-boot-starter/3.0.1/spring-boot-starter-3.0.1.jar:/home/so/.m2/repository/org/springframework/boot/spring-boot/3.0.1/spring-boot-3.0.1.jar:/home/so/.m2/repository/org/springframework/boot/spring-boot-autoconfigure/3.0.1/spring-boot-autoconfigure-3.0.1.jar:/home/so/.m2/repository/org/springframework/boot/spring-boot-starter-logging/3.0.1/spring-boot-starter-logging-3.0.1.jar:/home/so/.m2/repository/ch/qos/logback/logback-classic/1.4.5/logback-classic-1.4.5.jar:/home/so/.m2/repository/ch/qos/logback/logback-core/1.4.5/logback-core-1.4.5.jar:/home/so/.m2/repository/org/apache/logging/log4j/log4j-to-slf4j/2.19.0/log4j-to-slf4j-2.19.0.jar:/home/so/.m2/repository/org/apache/logging/log4j/log4j-api/2.19.0/log4j-api-2.19.0.jar:/home/so/.m2/repository/org/slf4j/jul-to-slf4j/2.0.6/jul-to-slf4j-2.0.6.jar:/home/so/.m2/repository/jakarta/annotation/jakarta.annotation-api/2.1.1/jakarta.annotation-api-2.1.1.jar:/home/so/.m2/repository/org/yaml/snakeyaml/1.33/snakeyaml-1.33.jar:/home/so/.m2/repository/io/projectreactor/reactor-core/3.5.1/reactor-core-3.5.1.jar:/home/so/.m2/repository/org/reactivestreams/reactive-streams/1.0.4/reactive-streams-1.0.4.jar:/home/so/.m2/repository/org/mongodb/mongodb-driver-reactivestreams/4.8.1/mongodb-driver-reactivestreams-4.8.1.jar:/home/so/.m2/repository/org/mongodb/bson/4.8.1/bson-4.8.1.jar:/home/so/.m2/repository/org/mongodb/mongodb-driver-core/4.8.1/mongodb-driver-core-4.8.1.jar:/home/so/.m2/repository/org/mongodb/bson-record-codec/4.8.1/bson-record-codec-4.8.1.jar:/home/so/.m2/repository/org/springframework/data/spring-data-mongodb/4.0.0/spring-data-mongodb-4.0.0.jar:/home/so/.m2/repository/org/springframework/spring-tx/6.0.3/spring-tx-6.0.3.jar:/home/so/.m2/repository/org/springframework/spring-context/6.0.3/spring-context-6.0.3.jar:/home/so/.m2/repository/org/springframework/spring-expression/6.0.3/spring-expression-6.0.3.jar:/home/so/.m2/repository/org/springframework/data/spring-data-commons/3.0.0/spring-data-commons-3.0.0.jar:/home/so/.m2/repository/org/slf4j/slf4j-api/2.0.6/slf4j-api-2.0.6.jar:/home/so/.m2/repository/org/springframework/boot/spring-boot-starter-websocket/3.0.1/spring-boot-starter-websocket-3.0.1.jar:/home/so/.m2/repository/org/springframework/boot/spring-boot-starter-web/3.0.1/spring-boot-starter-web-3.0.1.jar:/home/so/.m2/repository/org/springframework/boot/spring-boot-starter-tomcat/3.0.1/spring-boot-starter-tomcat-3.0.1.jar:/home/so/.m2/repository/org/apache/tomcat/embed/tomcat-embed-core/10.1.4/tomcat-embed-core-10.1.4.jar:/home/so/.m2/repository/org/apache/tomcat/embed/tomcat-embed-el/10.1.4/tomcat-embed-el-10.1.4.jar:/home/so/.m2/repository/org/apache/tomcat/embed/tomcat-embed-websocket/10.1.4/tomcat-embed-websocket-10.1.4.jar:/home/so/.m2/repository/org/springframework/spring-webmvc/6.0.3/spring-webmvc-6.0.3.jar:/home/so/.m2/repository/org/springframework/spring-websocket/6.0.3/spring-websocket-6.0.3.jar:/home/so/.m2/repository/org/springframework/boot/spring-boot-starter-data-mongodb/3.0.2/spring-boot-starter-data-mongodb-3.0.2.jar:/home/so/.m2/repository/org/mongodb/mongodb-driver-sync/4.8.1/mongodb-driver-sync-4.8.1.jar:/home/so/.m2/repository/org/springframework/cloud/spring-cloud-starter-netflix-eureka-client/4.0.0/spring-cloud-starter-netflix-eureka-client-4.0.0.jar:/home/so/.m2/repository/org/springframework/cloud/spring-cloud-starter/4.0.0/spring-cloud-starter-4.0.0.jar:/home/so/.m2/repository/org/springframework/cloud/spring-cloud-context/4.0.0/spring-cloud-context-4.0.0.jar:/home/so/.m2/repository/org/springframework/security/spring-security-crypto/6.0.1/spring-security-crypto-6.0.1.jar:/home/so/.m2/repository/org/springframework/cloud/spring-cloud-commons/4.0.0/spring-cloud-commons-4.0.0.jar:/home/so/.m2/repository/org/springframework/security/spring-security-rsa/1.0.11.RELEASE/spring-security-rsa-1.0.11.RELEASE.jar:/home/so/.m2/repository/org/bouncycastle/bcpkix-jdk15on/1.69/bcpkix-jdk15on-1.69.jar:/home/so/.m2/repository/org/bouncycastle/bcprov-jdk15on/1.69/bcprov-jdk15on-1.69.jar:/home/so/.m2/repository/org/bouncycastle/bcutil-jdk15on/1.69/bcutil-jdk15on-1.69.jar:/home/so/.m2/repository/org/springframework/cloud/spring-cloud-netflix-eureka-client/4.0.0/spring-cloud-netflix-eureka-client-4.0.0.jar:/home/so/.m2/repository/org/apache/httpcomponents/client5/httpclient5/5.1.4/httpclient5-5.1.4.jar:/home/so/.m2/repository/org/apache/httpcomponents/core5/httpcore5/5.1.5/httpcore5-5.1.5.jar:/home/so/.m2/repository/org/apache/httpcomponents/core5/httpcore5-h2/5.1.5/httpcore5-h2-5.1.5.jar:/home/so/.m2/repository/commons-codec/commons-codec/1.15/commons-codec-1.15.jar:/home/so/.m2/repository/com/netflix/eureka/eureka-client/2.0.0/eureka-client-2.0.0.jar:/home/so/.m2/repository/com/netflix/netflix-commons/netflix-eventbus/0.3.0/netflix-eventbus-0.3.0.jar:/home/so/.m2/repository/com/netflix/netflix-commons/netflix-infix/0.3.0/netflix-infix-0.3.0.jar:/home/so/.m2/repository/commons-jxpath/commons-jxpath/1.3/commons-jxpath-1.3.jar:/home/so/.m2/repository/joda-time/joda-time/2.3/joda-time-2.3.jar:/home/so/.m2/repository/javax/servlet/servlet-api/2.5/servlet-api-2.5.jar:/home/so/.m2/repository/org/antlr/antlr-runtime/3.4/antlr-runtime-3.4.jar:/home/so/.m2/repository/org/antlr/stringtemplate/3.2.1/stringtemplate-3.2.1.jar:/home/so/.m2/repository/antlr/antlr/2.7.7/antlr-2.7.7.jar:/home/so/.m2/repository/com/google/code/gson/gson/2.9.1/gson-2.9.1.jar:/home/so/.m2/repository/org/apache/commons/commons-math/2.2/commons-math-2.2.jar:/home/so/.m2/repository/com/thoughtworks/xstream/xstream/1.4.19/xstream-1.4.19.jar:/home/so/.m2/repository/io/github/x-stream/mxparser/1.2.2/mxparser-1.2.2.jar:/home/so/.m2/repository/xmlpull/xmlpull/1.1.3.1/xmlpull-1.1.3.1.jar:/home/so/.m2/repository/com/netflix/archaius/archaius-core/0.7.6/archaius-core-0.7.6.jar:/home/so/.m2/repository/com/google/guava/guava/16.0/guava-16.0.jar:/home/so/.m2/repository/jakarta/ws/rs/jakarta.ws.rs-api/3.1.0/jakarta.ws.rs-api-3.1.0.jar:/home/so/.m2/repository/jakarta/inject/jakarta.inject-api/2.0.1/jakarta.inject-api-2.0.1.jar:/home/so/.m2/repository/com/netflix/servo/servo-core/0.12.21/servo-core-0.12.21.jar:/home/so/.m2/repository/org/apache/httpcomponents/httpclient/4.5.14/httpclient-4.5.14.jar:/home/so/.m2/repository/org/apache/httpcomponents/httpcore/4.4.16/httpcore-4.4.16.jar:/home/so/.m2/repository/com/google/code/findbugs/jsr305/3.0.2/jsr305-3.0.2.jar:/home/so/.m2/repository/commons-configuration/commons-configuration/1.10/commons-configuration-1.10.jar:/home/so/.m2/repository/commons-lang/commons-lang/2.6/commons-lang-2.6.jar:/home/so/.m2/repository/commons-logging/commons-logging/1.1.1/commons-logging-1.1.1.jar:/home/so/.m2/repository/com/github/vlsi/compactmap/compactmap/2.0/compactmap-2.0.jar:/home/so/.m2/repository/com/github/andrewoma/dexx/dexx-collections/0.2/dexx-collections-0.2.jar:/home/so/.m2/repository/com/fasterxml/jackson/core/jackson-annotations/2.14.1/jackson-annotations-2.14.1.jar:/home/so/.m2/repository/com/fasterxml/jackson/core/jackson-core/2.14.1/jackson-core-2.14.1.jar:/home/so/.m2/repository/com/fasterxml/jackson/core/jackson-databind/2.14.1/jackson-databind-2.14.1.jar:/home/so/.m2/repository/org/codehaus/jettison/jettison/1.4.0/jettison-1.4.0.jar:/home/so/.m2/repository/com/netflix/eureka/eureka-core/2.0.0/eureka-core-2.0.0.jar:/home/so/.m2/repository/jakarta/servlet/jakarta.servlet-api/6.0.0/jakarta.servlet-api-6.0.0.jar:/home/so/.m2/repository/com/fasterxml/woodstox/woodstox-core/6.2.1/woodstox-core-6.2.1.jar:/home/so/.m2/repository/org/codehaus/woodstox/stax2-api/4.2.1/stax2-api-4.2.1.jar:/home/so/.m2/repository/org/springframework/cloud/spring-cloud-starter-loadbalancer/4.0.0/spring-cloud-starter-loadbalancer-4.0.0.jar:/home/so/.m2/repository/org/springframework/cloud/spring-cloud-loadbalancer/4.0.0/spring-cloud-loadbalancer-4.0.0.jar:/home/so/.m2/repository/io/projectreactor/addons/reactor-extra/3.5.0/reactor-extra-3.5.0.jar:/home/so/.m2/repository/org/springframework/boot/spring-boot-starter-cache/3.0.1/spring-boot-starter-cache-3.0.1.jar:/home/so/.m2/repository/org/springframework/spring-context-support/6.0.3/spring-context-support-6.0.3.jar:/home/so/.m2/repository/com/stoyanr/evictor/1.0.0/evictor-1.0.0.jar:/home/so/.m2/repository/org/springframework/integration/spring-integration-stomp/6.0.2/spring-integration-stomp-6.0.2.jar:/home/so/.m2/repository/org/springframework/integration/spring-integration-core/6.0.1/spring-integration-core-6.0.1.jar:/home/so/.m2/repository/org/springframework/spring-aop/6.0.3/spring-aop-6.0.3.jar:/home/so/.m2/repository/org/springframework/retry/spring-retry/2.0.0/spring-retry-2.0.0.jar:/home/so/.m2/repository/io/micrometer/micrometer-observation/1.10.2/micrometer-observation-1.10.2.jar:/home/so/.m2/repository/io/micrometer/micrometer-commons/1.10.2/micrometer-commons-1.10.2.jar:/home/so/.m2/repository/de/flapdoodle/embed/de.flapdoodle.embed.mongo/4.4.0/de.flapdoodle.embed.mongo-4.4.0.jar:/home/so/.m2/repository/de/flapdoodle/embed/de.flapdoodle.embed.process/4.4.3/de.flapdoodle.embed.process-4.4.3.jar:/home/so/.m2/repository/de/flapdoodle/reverse/de.flapdoodle.reverse/1.5.1/de.flapdoodle.reverse-1.5.1.jar:/home/so/.m2/repository/de/flapdoodle/graph/de.flapdoodle.graph/1.2.3/de.flapdoodle.graph-1.2.3.jar:/home/so/.m2/repository/org/jgrapht/jgrapht-core/1.4.0/jgrapht-core-1.4.0.jar:/home/so/.m2/repository/org/jheaps/jheaps/0.11/jheaps-0.11.jar:/home/so/.m2/repository/de/flapdoodle/java8/de.flapdoodle.java8/1.2.0/de.flapdoodle.java8-1.2.0.jar:/home/so/.m2/repository/org/apache/commons/commons-lang3/3.12.0/commons-lang3-3.12.0.jar:/home/so/.m2/repository/org/apache/commons/commons-compress/1.22/commons-compress-1.22.jar:/home/so/.m2/repository/net/java/dev/jna/jna/5.13.0/jna-5.13.0.jar:/home/so/.m2/repository/net/java/dev/jna/jna-platform/5.13.0/jna-platform-5.13.0.jar:/home/so/.m2/repository/de/flapdoodle/de.flapdoodle.os/1.2.7/de.flapdoodle.os-1.2.7.jar:/home/so/.m2/repository/de/flapdoodle/embed/de.flapdoodle.embed.mongo.packageresolver/4.3.4/de.flapdoodle.embed.mongo.packageresolver-4.3.4.jar:/home/so/.m2/repository/org/projectlombok/lombok/1.18.24/lombok-1.18.24.jar:/home/so/.m2/repository/org/springframework/boot/spring-boot-starter-test/3.0.1/spring-boot-starter-test-3.0.1.jar:/home/so/.m2/repository/org/springframework/boot/spring-boot-test/3.0.1/spring-boot-test-3.0.1.jar:/home/so/.m2/repository/org/springframework/boot/spring-boot-test-autoconfigure/3.0.1/spring-boot-test-autoconfigure-3.0.1.jar:/home/so/.m2/repository/com/jayway/jsonpath/json-path/2.7.0/json-path-2.7.0.jar:/home/so/.m2/repository/net/minidev/json-smart/2.4.8/json-smart-2.4.8.jar:/home/so/.m2/repository/net/minidev/accessors-smart/2.4.8/accessors-smart-2.4.8.jar:/home/so/.m2/repository/org/ow2/asm/asm/9.1/asm-9.1.jar:/home/so/.m2/repository/jakarta/xml/bind/jakarta.xml.bind-api/4.0.0/jakarta.xml.bind-api-4.0.0.jar:/home/so/.m2/repository/jakarta/activation/jakarta.activation-api/2.1.0/jakarta.activation-api-2.1.0.jar:/home/so/.m2/repository/org/assertj/assertj-core/3.23.1/assertj-core-3.23.1.jar:/home/so/.m2/repository/net/bytebuddy/byte-buddy/1.12.20/byte-buddy-1.12.20.jar:/home/so/.m2/repository/org/hamcrest/hamcrest/2.2/hamcrest-2.2.jar:/home/so/.m2/repository/org/junit/jupiter/junit-jupiter/5.9.1/junit-jupiter-5.9.1.jar:/home/so/.m2/repository/org/junit/jupiter/junit-jupiter-api/5.9.1/junit-jupiter-api-5.9.1.jar:/home/so/.m2/repository/org/opentest4j/opentest4j/1.2.0/opentest4j-1.2.0.jar:/home/so/.m2/repository/org/junit/platform/junit-platform-commons/1.9.1/junit-platform-commons-1.9.1.jar:/home/so/.m2/repository/org/apiguardian/apiguardian-api/1.1.2/apiguardian-api-1.1.2.jar:/home/so/.m2/repository/org/junit/jupiter/junit-jupiter-params/5.9.1/junit-jupiter-params-5.9.1.jar:/home/so/.m2/repository/org/junit/jupiter/junit-jupiter-engine/5.9.1/junit-jupiter-engine-5.9.1.jar:/home/so/.m2/repository/org/junit/platform/junit-platform-engine/1.9.1/junit-platform-engine-1.9.1.jar:/home/so/.m2/repository/org/mockito/mockito-core/4.8.1/mockito-core-4.8.1.jar:/home/so/.m2/repository/net/bytebuddy/byte-buddy-agent/1.12.20/byte-buddy-agent-1.12.20.jar:/home/so/.m2/repository/org/objenesis/objenesis/3.2/objenesis-3.2.jar:/home/so/.m2/repository/org/mockito/mockito-junit-jupiter/4.8.1/mockito-junit-jupiter-4.8.1.jar:/home/so/.m2/repository/org/skyscreamer/jsonassert/1.5.1/jsonassert-1.5.1.jar:/home/so/.m2/repository/com/vaadin/external/google/android-json/0.0.20131108.vaadin1/android-json-0.0.20131108.vaadin1.jar:/home/so/.m2/repository/org/springframework/spring-core/6.0.3/spring-core-6.0.3.jar:/home/so/.m2/repository/org/springframework/spring-jcl/6.0.3/spring-jcl-6.0.3.jar:/home/so/.m2/repository/org/springframework/spring-test/6.0.3/spring-test-6.0.3.jar:/home/so/.m2/repository/org/xmlunit/xmlunit-core/2.9.0/xmlunit-core-2.9.0.jar:/home/so/.m2/repository/org/springframework/boot/spring-boot-starter-webflux/3.0.1/spring-boot-starter-webflux-3.0.1.jar:/home/so/.m2/repository/org/springframework/boot/spring-boot-starter-json/3.0.1/spring-boot-starter-json-3.0.1.jar:/home/so/.m2/repository/com/fasterxml/jackson/datatype/jackson-datatype-jdk8/2.14.1/jackson-datatype-jdk8-2.14.1.jar:/home/so/.m2/repository/com/fasterxml/jackson/datatype/jackson-datatype-jsr310/2.14.1/jackson-datatype-jsr310-2.14.1.jar:/home/so/.m2/repository/com/fasterxml/jackson/module/jackson-module-parameter-names/2.14.1/jackson-module-parameter-names-2.14.1.jar:/home/so/.m2/repository/org/springframework/boot/spring-boot-starter-reactor-netty/3.0.1/spring-boot-starter-reactor-netty-3.0.1.jar:/home/so/.m2/repository/io/projectreactor/netty/reactor-netty-http/1.1.1/reactor-netty-http-1.1.1.jar:/home/so/.m2/repository/io/netty/netty-codec-http/4.1.86.Final/netty-codec-http-4.1.86.Final.jar:/home/so/.m2/repository/io/netty/netty-common/4.1.86.Final/netty-common-4.1.86.Final.jar:/home/so/.m2/repository/io/netty/netty-buffer/4.1.86.Final/netty-buffer-4.1.86.Final.jar:/home/so/.m2/repository/io/netty/netty-transport/4.1.86.Final/netty-transport-4.1.86.Final.jar:/home/so/.m2/repository/io/netty/netty-codec/4.1.86.Final/netty-codec-4.1.86.Final.jar:/home/so/.m2/repository/io/netty/netty-handler/4.1.86.Final/netty-handler-4.1.86.Final.jar:/home/so/.m2/repository/io/netty/netty-codec-http2/4.1.86.Final/netty-codec-http2-4.1.86.Final.jar:/home/so/.m2/repository/io/netty/netty-resolver-dns/4.1.86.Final/netty-resolver-dns-4.1.86.Final.jar:/home/so/.m2/repository/io/netty/netty-resolver/4.1.86.Final/netty-resolver-4.1.86.Final.jar:/home/so/.m2/repository/io/netty/netty-codec-dns/4.1.86.Final/netty-codec-dns-4.1.86.Final.jar:/home/so/.m2/repository/io/netty/netty-resolver-dns-native-macos/4.1.86.Final/netty-resolver-dns-native-macos-4.1.86.Final-osx-x86_64.jar:/home/so/.m2/repository/io/netty/netty-resolver-dns-classes-macos/4.1.86.Final/netty-resolver-dns-classes-macos-4.1.86.Final.jar:/home/so/.m2/repository/io/netty/netty-transport-native-epoll/4.1.86.Final/netty-transport-native-epoll-4.1.86.Final-linux-x86_64.jar:/home/so/.m2/repository/io/netty/netty-transport-native-unix-common/4.1.86.Final/netty-transport-native-unix-common-4.1.86.Final.jar:/home/so/.m2/repository/io/netty/netty-transport-classes-epoll/4.1.86.Final/netty-transport-classes-epoll-4.1.86.Final.jar:/home/so/.m2/repository/io/projectreactor/netty/reactor-netty-core/1.1.1/reactor-netty-core-1.1.1.jar:/home/so/.m2/repository/io/netty/netty-handler-proxy/4.1.86.Final/netty-handler-proxy-4.1.86.Final.jar:/home/so/.m2/repository/io/netty/netty-codec-socks/4.1.86.Final/netty-codec-socks-4.1.86.Final.jar:/home/so/.m2/repository/org/springframework/spring-web/6.0.3/spring-web-6.0.3.jar:/home/so/.m2/repository/org/springframework/spring-webflux/6.0.3/spring-webflux-6.0.3.jar:/home/so/.m2/repository/io/projectreactor/reactor-test/3.5.2/reactor-test-3.5.2.jar:/home/so/.m2/repository/org/springframework/spring-messaging/6.0.3/spring-messaging-6.0.3.jar:/home/so/.m2/repository/org/springframework/spring-beans/6.0.3/spring-beans-6.0.3.jar:/home/so/.m2/repository/junit/junit/4.11/junit-4.11.jar:/home/so/.m2/repository/org/hamcrest/hamcrest-core/2.2/hamcrest-core-2.2.jar:"/>
    <property name="sun.cpu.endian" value="little"/>
    <property name="user.home" value="/home/so"/>
    <property name="user.language" value="en"/>
    <property name="java.specification.vendor" value="Oracle Corporation"/>
    <property name="java.version.date" value="2022-07-19"/>
    <property name="java.home" value="/usr/lib/jvm/java-18-openjdk-amd64"/>
    <property name="file.separator" value="/"/>
    <property name="basedir" value="/home/so/Desktop/freelance_platform/springbootmicroservice/Chatroom"/>
    <property name="java.vm.compressedOopsMode" value="Zero based"/>
    <property name="line.separator" value="&#10;"/>
    <property name="java.vm.specification.vendor" value="Oracle Corporation"/>
    <property name="java.specification.name" value="Java Platform API Specification"/>
    <property name="surefire.real.class.path" value="/home/so/Desktop/freelance_platform/springbootmicroservice/Chatroom/target/surefire/surefirebooter14573697664599950200.jar"/>
    <property name="sun.management.compiler" value="HotSpot 64-Bit Tiered Compilers"/>
    <property name="java.runtime.version" value="18.0.2-ea+9-Ubuntu-222.04"/>
    <property name="user.name" value="so"/>
    <property name="path.separator" value=":"/>
    <property name="os.version" value="5.15.0-58-generic"/>
    <property name="java.runtime.name" value="OpenJDK Runtime Environment"/>
    <property name="file.encoding" value="UTF-8"/>
    <property name="java.vm.name" value="OpenJDK 64-Bit Server VM"/>
    <property name="localRepository" value="/home/so/.m2/repository"/>
    <property name="java.vendor.url.bug" value="Unknown"/>
    <property name="java.io.tmpdir" value="/tmp"/>
    <property name="java.version" value="18.0.2-ea"/>
    <property name="user.dir" value="/home/so/Desktop/freelance_platform/springbootmicroservice/Chatroom"/>
    <property name="os.arch" value="amd64"/>
    <property name="java.vm.specification.name" value="Java Virtual Machine Specification"/>
    <property name="native.encoding" value="UTF-8"/>
    <property name="java.library.path" value="/usr/java/packages/lib:/usr/lib/x86_64-linux-gnu/jni:/lib/x86_64-linux-gnu:/usr/lib/x86_64-linux-gnu:/usr/lib/jni:/lib:/usr/lib"/>
    <property name="java.vm.info" value="mixed mode, sharing"/>
    <property name="java.vendor" value="Private Build"/>
    <property name="java.vm.version" value="18.0.2-ea+9-Ubuntu-222.04"/>
    <property name="sun.io.unicode.encoding" value="UnicodeLittle"/>
    <property name="java.class.version" value="62.0"/>
  </properties>
  <testcase name="sendMessage" classname="com.springboot.sohinalex.java.Controller.ChatroomControllerTest" time="0.304"/>
  <testcase name="isEmpty" classname="com.springboot.sohinalex.java.Controller.ChatroomControllerTest" time="0.003"/>
</testsuite>